2025/11/19 07:02:28 [notice] 1#1: using the "epoll" event method
2025/11/19 07:02:28 [notice] 1#1: nginx/1.29.3
2025/11/19 07:02:28 [notice] 1#1: built by gcc 14.2.0 (Alpine 14.2.0) 
2025/11/19 07:02:28 [notice] 1#1: OS: Linux 6.8.0-1040-raspi
2025/11/19 07:02:28 [notice] 1#1: getrlimit(RLIMIT_NOFILE): 1024:524288
2025/11/19 07:02:28 [notice] 1#1: start worker processes
2025/11/19 07:02:28 [notice] 1#1: start worker process 20
2025/11/19 07:02:28 [notice] 1#1: start worker process 21
2025/11/19 07:02:28 [notice] 1#1: start worker process 22
2025/11/19 07:02:28 [notice] 1#1: start worker process 23
2025/11/19 07:21:16 [notice] 1#1: signal 3 (SIGQUIT) received, shutting down
2025/11/19 07:21:16 [notice] 20#20: gracefully shutting down
2025/11/19 07:21:16 [notice] 20#20: exiting
2025/11/19 07:21:16 [notice] 21#21: gracefully shutting down
2025/11/19 07:21:16 [notice] 21#21: exiting
2025/11/19 07:21:16 [notice] 22#22: gracefully shutting down
2025/11/19 07:21:16 [notice] 22#22: exiting
2025/11/19 07:21:16 [notice] 23#23: gracefully shutting down
2025/11/19 07:21:16 [notice] 23#23: exiting
2025/11/19 07:21:16 [notice] 23#23: exit
2025/11/19 07:21:16 [notice] 20#20: exit
2025/11/19 07:21:16 [notice] 21#21: exit
2025/11/19 07:21:16 [notice] 22#22: exit
2025/11/19 07:21:16 [notice] 1#1: signal 17 (SIGCHLD) received from 20
2025/11/19 07:21:16 [notice] 1#1: worker process 20 exited with code 0
2025/11/19 07:21:16 [notice] 1#1: worker process 22 exited with code 0
2025/11/19 07:21:16 [notice] 1#1: worker process 23 exited with code 0
2025/11/19 07:21:16 [notice] 1#1: signal 29 (SIGIO) received
2025/11/19 07:21:16 [notice] 1#1: signal 17 (SIGCHLD) received from 22
2025/11/19 07:21:16 [notice] 1#1: signal 17 (SIGCHLD) received from 21
2025/11/19 07:21:16 [notice] 1#1: worker process 21 exited with code 0
2025/11/19 07:21:16 [notice] 1#1: exit
2025/11/19 07:21:30 [notice] 1#1: using the "epoll" event method
2025/11/19 07:21:30 [notice] 1#1: nginx/1.29.3
2025/11/19 07:21:30 [notice] 1#1: built by gcc 14.2.0 (Alpine 14.2.0) 
2025/11/19 07:21:30 [notice] 1#1: OS: Linux 6.8.0-1040-raspi
2025/11/19 07:21:30 [notice] 1#1: getrlimit(RLIMIT_NOFILE): 1024:524288
2025/11/19 07:21:30 [notice] 1#1: start worker processes
2025/11/19 07:21:30 [notice] 1#1: start worker process 20
2025/11/19 07:21:30 [notice] 1#1: start worker process 21
2025/11/19 07:21:30 [notice] 1#1: start worker process 22
2025/11/19 07:21:30 [notice] 1#1: start worker process 23
2025/11/19 07:45:03 [notice] 1#1: signal 3 (SIGQUIT) received, shutting down
2025/11/19 07:45:03 [notice] 20#20: gracefully shutting down
2025/11/19 07:45:03 [notice] 22#22: gracefully shutting down
2025/11/19 07:45:03 [notice] 21#21: gracefully shutting down
2025/11/19 07:45:03 [notice] 20#20: exiting
2025/11/19 07:45:03 [notice] 22#22: exiting
2025/11/19 07:45:03 [notice] 21#21: exiting
2025/11/19 07:45:03 [notice] 21#21: exit
2025/11/19 07:45:03 [notice] 20#20: exit
2025/11/19 07:45:03 [notice] 22#22: exit
2025/11/19 07:45:03 [notice] 23#23: gracefully shutting down
2025/11/19 07:45:03 [notice] 23#23: exiting
2025/11/19 07:45:03 [notice] 23#23: exit
2025/11/19 07:45:03 [notice] 1#1: signal 17 (SIGCHLD) received from 23
2025/11/19 07:45:03 [notice] 1#1: worker process 21 exited with code 0
2025/11/19 07:45:03 [notice] 1#1: worker process 23 exited with code 0
2025/11/19 07:45:03 [notice] 1#1: signal 29 (SIGIO) received
2025/11/19 07:45:03 [notice] 1#1: signal 17 (SIGCHLD) received from 21
2025/11/19 07:45:03 [notice] 1#1: signal 17 (SIGCHLD) received from 22
2025/11/19 07:45:03 [notice] 1#1: worker process 20 exited with code 0
2025/11/19 07:45:03 [notice] 1#1: worker process 22 exited with code 0
2025/11/19 07:45:03 [notice] 1#1: exit
2025/11/19 07:46:29 [notice] 1#1: using the "epoll" event method
2025/11/19 07:46:29 [notice] 1#1: nginx/1.29.3
2025/11/19 07:46:29 [notice] 1#1: built by gcc 14.2.0 (Alpine 14.2.0) 
2025/11/19 07:46:29 [notice] 1#1: OS: Linux 6.8.0-1040-raspi
2025/11/19 07:46:29 [notice] 1#1: getrlimit(RLIMIT_NOFILE): 1024:524288
2025/11/19 07:46:29 [notice] 1#1: start worker processes
2025/11/19 07:46:29 [notice] 1#1: start worker process 21
2025/11/19 07:46:29 [notice] 1#1: start worker process 22
2025/11/19 07:46:29 [notice] 1#1: start worker process 23
2025/11/19 07:46:29 [notice] 1#1: start worker process 24
2025/11/19 07:53:09 [notice] 1#1: signal 3 (SIGQUIT) received, shutting down
2025/11/19 07:53:09 [notice] 21#21: gracefully shutting down
2025/11/19 07:53:09 [notice] 21#21: exiting
2025/11/19 07:53:09 [notice] 22#22: gracefully shutting down
2025/11/19 07:53:09 [notice] 22#22: exiting
2025/11/19 07:53:09 [notice] 22#22: exit
2025/11/19 07:53:09 [notice] 21#21: exit
2025/11/19 07:53:09 [notice] 23#23: gracefully shutting down
2025/11/19 07:53:09 [notice] 23#23: exiting
2025/11/19 07:53:09 [notice] 24#24: gracefully shutting down
2025/11/19 07:53:09 [notice] 24#24: exiting
2025/11/19 07:53:09 [notice] 24#24: exit
2025/11/19 07:53:09 [notice] 23#23: exit
2025/11/19 07:53:09 [notice] 1#1: signal 17 (SIGCHLD) received from 22
2025/11/19 07:53:09 [notice] 1#1: worker process 21 exited with code 0
2025/11/19 07:53:09 [notice] 1#1: worker process 22 exited with code 0
2025/11/19 07:53:09 [notice] 1#1: signal 29 (SIGIO) received
2025/11/19 07:53:09 [notice] 1#1: signal 17 (SIGCHLD) received from 24
2025/11/19 07:53:09 [notice] 1#1: worker process 23 exited with code 0
2025/11/19 07:53:09 [notice] 1#1: worker process 24 exited with code 0
2025/11/19 07:53:09 [notice] 1#1: exit
2025/11/19 07:53:10 [notice] 1#1: using the "epoll" event method
2025/11/19 07:53:10 [notice] 1#1: nginx/1.29.3
2025/11/19 07:53:10 [notice] 1#1: built by gcc 14.2.0 (Alpine 14.2.0) 
2025/11/19 07:53:10 [notice] 1#1: OS: Linux 6.8.0-1040-raspi
2025/11/19 07:53:10 [notice] 1#1: getrlimit(RLIMIT_NOFILE): 1024:524288
2025/11/19 07:53:10 [notice] 1#1: start worker processes
2025/11/19 07:53:10 [notice] 1#1: start worker process 29
2025/11/19 07:53:10 [notice] 1#1: start worker process 30
2025/11/19 07:53:10 [notice] 1#1: start worker process 31
2025/11/19 07:53:10 [notice] 1#1: start worker process 32
2025/11/19 07:53:44 [info] 29#29: *1 client 172.18.0.1 closed keepalive connection
2025/11/19 07:54:29 [info] 30#30: *2 client 10.0.0.98 closed keepalive connection
2025/11/20 06:35:04 [info] 31#31: *3 client 10.0.0.98 closed keepalive connection
